Using pre-set license
Built from '2020.3/staging' branch; Version is '2020.3.26f1 (7298b473bc1a) revision 7510196'; Using compiler version '192528614'; Build Type 'Release'
OS: 'Windows 10  (10.0.19042) 64bit Professional' Language: 'en' Physical Memory: 16122 MB
BatchMode: 1, IsHumanControllingUs: 0, StartBugReporterOnCrash: 0, Is64bit: 1, IsPro: 0

COMMAND LINE ARGUMENTS:
C:\Program Files\Unity\Hub\Editor\2020.3.26f1\Editor\Unity.exe
-adb2
-batchMode
-noUpm
-name
AssetImportWorker0
-projectPath
C:/Users/Anusha.Lakavath/Documents/GalaxySpaceShooterMobileGame
-logFile
Logs/AssetImportWorker0.log
-srvPort
58650
Successfully changed project path to: C:/Users/Anusha.Lakavath/Documents/GalaxySpaceShooterMobileGame
C:/Users/Anusha.Lakavath/Documents/GalaxySpaceShooterMobileGame
Using Asset Import Pipeline V2.
Refreshing native plugins compatible for Editor in 151.99 ms, found 3 plugins.
Preloading 0 native plugins for Editor in 0.00 ms.
Initialize engine version: 2020.3.26f1 (7298b473bc1a)
[Subsystems] Discovering subsystems at path C:/Program Files/Unity/Hub/Editor/2020.3.26f1/Editor/Data/Resources/UnitySubsystems
[Subsystems] Discovering subsystems at path C:/Users/Anusha.Lakavath/Documents/GalaxySpaceShooterMobileGame/Assets
GfxDevice: creating device client; threaded=0
Direct3D:
    Version:  Direct3D 11.0 [level 11.1]
    Renderer: Intel(R) Iris(R) Xe Graphics (ID=0x9a49)
    Vendor:   
    VRAM:     8061 MB
    Driver:   27.20.100.9749
Initialize mono
Mono path[0] = 'C:/Program Files/Unity/Hub/Editor/2020.3.26f1/Editor/Data/Managed'
Mono path[1] = 'C:/Program Files/Unity/Hub/Editor/2020.3.26f1/Editor/Data/MonoBleedingEdge/lib/mono/unityjit'
Mono config path = 'C:/Program Files/Unity/Hub/Editor/2020.3.26f1/Editor/Data/MonoBleedingEdge/etc'
Using monoOptions --debugger-agent=transport=dt_socket,embedding=1,server=y,suspend=n,address=127.0.0.1:56020
Begin MonoManager ReloadAssembly
Registering precompiled unity dll's ...
Register platform support module: C:/Program Files/Unity/Hub/Editor/2020.3.26f1/Editor/Data/PlaybackEngines/WebGLSupport/UnityEditor.WebGL.Extensions.dll
Register platform support module: C:/Program Files/Unity/Hub/Editor/2020.3.26f1/Editor/Data/PlaybackEngines/WindowsStandaloneSupport/UnityEditor.WindowsStandalone.Extensions.dll
Registered in 0.007925 seconds.
Native extension for WindowsStandalone target not found
Native extension for WebGL target not found
Refreshing native plugins compatible for Editor in 123.32 ms, found 3 plugins.
Preloading 0 native plugins for Editor in 0.00 ms.
Mono: successfully reloaded assembly
- Completed reload, in  1.877 seconds
Domain Reload Profiling:
	ReloadAssembly (1878ms)
		BeginReloadAssembly (293ms)
			ExecutionOrderSort (0ms)
			DisableScriptedObjects (0ms)
			BackupInstance (0ms)
			ReleaseScriptingObjects (0ms)
			CreateAndSetChildDomain (2ms)
		EndReloadAssembly (1353ms)
			LoadAssemblies (288ms)
			RebuildTransferFunctionScriptingTraits (0ms)
			SetupTypeCache (478ms)
			ReleaseScriptCaches (0ms)
			RebuildScriptCaches (95ms)
			SetupLoadedEditorAssemblies (467ms)
				LogAssemblyErrors (0ms)
				InitializePlatformSupportModulesInManaged (17ms)
				SetLoadedEditorAssemblies (1ms)
				RefreshPlugins (124ms)
				BeforeProcessingInitializeOnLoad (44ms)
				ProcessInitializeOnLoadAttributes (217ms)
				ProcessInitializeOnLoadMethodAttributes (64ms)
				AfterProcessingInitializeOnLoad (0ms)
				EditorAssembliesLoaded (1ms)
			ExecutionOrderSort2 (0ms)
			AwakeInstancesAfterBackupRestoration (0ms)
Platform modules already initialized, skipping
Registering precompiled user dll's ...
Registered in 0.038537 seconds.
Begin MonoManager ReloadAssembly
Native extension for WindowsStandalone target not found
Native extension for WebGL target not found
Refreshing native plugins compatible for Editor in 114.87 ms, found 3 plugins.
Preloading 0 native plugins for Editor in 0.00 ms.
Mono: successfully reloaded assembly
- Completed reload, in  3.451 seconds
Domain Reload Profiling:
	ReloadAssembly (3455ms)
		BeginReloadAssembly (507ms)
			ExecutionOrderSort (0ms)
			DisableScriptedObjects (11ms)
			BackupInstance (0ms)
			ReleaseScriptingObjects (0ms)
			CreateAndSetChildDomain (46ms)
		EndReloadAssembly (2764ms)
			LoadAssemblies (467ms)
			RebuildTransferFunctionScriptingTraits (0ms)
			SetupTypeCache (932ms)
			ReleaseScriptCaches (1ms)
			RebuildScriptCaches (133ms)
			SetupLoadedEditorAssemblies (986ms)
				LogAssemblyErrors (0ms)
				InitializePlatformSupportModulesInManaged (10ms)
				SetLoadedEditorAssemblies (0ms)
				RefreshPlugins (115ms)
				BeforeProcessingInitializeOnLoad (232ms)
				ProcessInitializeOnLoadAttributes (558ms)
				ProcessInitializeOnLoadMethodAttributes (47ms)
				AfterProcessingInitializeOnLoad (20ms)
				EditorAssembliesLoaded (3ms)
			ExecutionOrderSort2 (0ms)
			AwakeInstancesAfterBackupRestoration (16ms)
Platform modules already initialized, skipping
========================================================================
Worker process is ready to serve import requests
Launched and connected shader compiler UnityShaderCompiler.exe after 0.28 seconds
Refreshing native plugins compatible for Editor in 1.17 ms, found 3 plugins.
Preloading 0 native plugins for Editor in 0.00 ms.
Unloading 2197 Unused Serialized files (Serialized files now loaded: 0)
System memory in use before: 95.9 MB.
System memory in use after: 95.9 MB.

Unloading 28 unused Assets to reduce memory usage. Loaded Objects now: 2630.
Total: 6.911200 ms (FindLiveObjects: 0.223000 ms CreateObjectMapping: 0.099200 ms MarkObjects: 6.420500 ms  DeleteObjects: 0.165400 ms)

AssetImportParameters requested are different than current active one (requested -> active):
  custom:framework-win-MediaFoundation: 216162199b28c13a410421893ffa2e32 -> 
  custom:video-decoder-ogg-theora: a1e56fd34408186e4bbccfd4996cb3dc -> 
  custom:container-muxer-webm: aa71ff27fc2769a1b78a27578f13a17b -> 
  custom:container-demuxer-webm: 4f35f7cbe854078d1ac9338744f61a02 -> 
  custom:container-demuxer-ogg: 62fdf1f143b41e24485cea50d1cbac27 -> 
  custom:video-encoder-webm-vp8: eb34c28f22e8b96e1ab97ce403110664 -> 
  custom:video-codec-MediaFoundation-h265: 746d11721c4dcdbdad8f713fa42b33f4 -> 
  custom:video-decoder-webm-vp8: 9c59270c3fd7afecdb556c50c9e8de78 -> 
  custom:audio-decoder-ogg-vorbis: bf7c407c2cedff20999df2af8eb42d56 -> 
  custom:audio-encoder-webm-vorbis: bf7c407c2cedff20999df2af8eb42d56 -> 
========================================================================
Received Import Request.
  path: Assets/Mobile Game Assets-20220511T055357Z-001/Mobile Game Assets/Textures/ship.png
  artifactKey: Guid(9117f1757c69e410bb023284c83ef122) Importer(815301076,1909f56bfc062723c751e8b465ee728b)
Start importing Assets/Mobile Game Assets-20220511T055357Z-001/Mobile Game Assets/Textures/ship.png using Guid(9117f1757c69e410bb023284c83ef122) Importer(815301076,1909f56bfc062723c751e8b465ee728b)  -> (artifact id: '704eb8ae2e07726fa8282e641f2dd5f2') in 0.281211 seconds 
  Import took 0.289933 seconds .

========================================================================
Received Import Request.
  Time since last request: 0.000376 seconds.
  path: Assets/Mobile Game Assets-20220511T055357Z-001
  artifactKey: Guid(c27585b9d37b7034d9a55ca584057ba9) Importer(815301076,1909f56bfc062723c751e8b465ee728b)
Start importing Assets/Mobile Game Assets-20220511T055357Z-001 using Guid(c27585b9d37b7034d9a55ca584057ba9) Importer(815301076,1909f56bfc062723c751e8b465ee728b)  -> (artifact id: '64a42f8d094608b256a23565a9b312ab') in 0.023727 seconds 
  Import took 0.033295 seconds .

========================================================================
Received Import Request.
  Time since last request: 0.000378 seconds.
  path: Assets/Mobile Game Assets-20220511T055357Z-001/Mobile Game Assets/Textures
  artifactKey: Guid(b0b0d56822cd1e442944a1457ea4a15d) Importer(815301076,1909f56bfc062723c751e8b465ee728b)
Start importing Assets/Mobile Game Assets-20220511T055357Z-001/Mobile Game Assets/Textures using Guid(b0b0d56822cd1e442944a1457ea4a15d) Importer(815301076,1909f56bfc062723c751e8b465ee728b)  -> (artifact id: 'cc7355352a165654c420c622829d904b') in 0.021820 seconds 
  Import took 0.030256 seconds .

========================================================================
Received Import Request.
  Time since last request: 0.000484 seconds.
  path: Assets/Mobile Game Assets-20220511T055357Z-001/Mobile Game Assets/Textures/Asteroids
  artifactKey: Guid(1822f9b638c484e769e853610a733c17) Importer(815301076,1909f56bfc062723c751e8b465ee728b)
Start importing Assets/Mobile Game Assets-20220511T055357Z-001/Mobile Game Assets/Textures/Asteroids using Guid(1822f9b638c484e769e853610a733c17) Importer(815301076,1909f56bfc062723c751e8b465ee728b)  -> (artifact id: '494d10a80d459c6c4330d47e1184cda8') in 0.023774 seconds 
  Import took 0.032706 seconds .

========================================================================
Received Import Request.
  Time since last request: 0.000472 seconds.
  path: Assets/Mobile Game Assets-20220511T055357Z-001/Mobile Game Assets
  artifactKey: Guid(c01d21015da82d241a603359fb47851d) Importer(815301076,1909f56bfc062723c751e8b465ee728b)
Start importing Assets/Mobile Game Assets-20220511T055357Z-001/Mobile Game Assets using Guid(c01d21015da82d241a603359fb47851d) Importer(815301076,1909f56bfc062723c751e8b465ee728b)  -> (artifact id: '685aabff5ce59b846d5454ad13c85f07') in 0.028463 seconds 
  Import took 0.037081 seconds .

========================================================================
Received Import Request.
  Time since last request: 0.000415 seconds.
  path: Assets/Mobile Game Assets-20220511T055357Z-001/Mobile Game Assets/Textures/bullet.png
  artifactKey: Guid(7a5ee0485da904c4b9083fa2ed28f968) Importer(815301076,1909f56bfc062723c751e8b465ee728b)
Start importing Assets/Mobile Game Assets-20220511T055357Z-001/Mobile Game Assets/Textures/bullet.png using Guid(7a5ee0485da904c4b9083fa2ed28f968) Importer(815301076,1909f56bfc062723c751e8b465ee728b)  -> (artifact id: 'b815e59dfa902768e79d45f5cfb4c88e') in 0.051678 seconds 
  Import took 0.060578 seconds .

